{"C:\\Users\\anama\\Desktop\\MARIE\\UTFPR\\TOPICOS EM COMPUTAÇÃO\\Atividades\\atividadeAvaliativa1\\atividade-avaliativa-1\\src\\filtrarFaturas.js": {"path":"C:\\Users\\anama\\Desktop\\MARIE\\UTFPR\\TOPICOS EM COMPUTAÇÃO\\Atividades\\atividadeAvaliativa1\\atividade-avaliativa-1\\src\\filtrarFaturas.js","statementMap":{"0":{"start":{"line":2,"column":4},"end":{"line":2,"column":61}},"1":{"start":{"line":2,"column":39},"end":{"line":2,"column":59}},"2":{"start":{"line":6,"column":0},"end":{"line":6,"column":25}}},"fnMap":{"0":{"name":"filtrar","decl":{"start":{"line":1,"column":9},"end":{"line":1,"column":16}},"loc":{"start":{"line":1,"column":29},"end":{"line":4,"column":1}},"line":1},"1":{"name":"(anonymous_1)","decl":{"start":{"line":2,"column":29},"end":{"line":2,"column":30}},"loc":{"start":{"line":2,"column":39},"end":{"line":2,"column":59}},"line":2}},"branchMap":{},"s":{"0":1,"1":6,"2":1},"f":{"0":1,"1":6},"b":{},"_coverageSchema":"1a1c01bbd47fc00a2c39e90264f33305004495a9","hash":"5920858d4f79edd21a3c7d60daa34b68f614a9bf"}
}
