{"C:\\Users\\anama\\Desktop\\MARIE\\UTFPR\\TOPICOS EM COMPUTAÇÃO\\Atividades\\atividadeAvaliativa1\\atividade-avaliativa-1\\src\\filtrarFaturas.js": {"path":"C:\\Users\\anama\\Desktop\\MARIE\\UTFPR\\TOPICOS EM COMPUTAÇÃO\\Atividades\\atividadeAvaliativa1\\atividade-avaliativa-1\\src\\filtrarFaturas.js","statementMap":{"0":{"start":{"line":5,"column":0},"end":{"line":5,"column":25}}},"fnMap":{"0":{"name":"filtrar","decl":{"start":{"line":1,"column":9},"end":{"line":1,"column":16}},"loc":{"start":{"line":1,"column":28},"end":{"line":3,"column":1}},"line":1}},"branchMap":{},"s":{"0":1},"f":{"0":1},"b":{},"_coverageSchema":"1a1c01bbd47fc00a2c39e90264f33305004495a9","hash":"1eda7a5ecfc6417c5d106664f2c1e326730299f2"}
}
